\BOOKMARK [0][-]{chapter.1}{\376\377\230\171\166\356\200\314\146\157\116\016\116\247\124\301\151\202\217\360}{}% 1
\BOOKMARK [1][-]{section.1.1}{\376\377\170\024\172\166\133\371\214\141\116\016\122\006\147\220\203\003\126\364}{chapter.1}% 2
\BOOKMARK [1][-]{section.1.2}{\376\377\116\247\124\301\133\232\117\115\116\016\135\114\121\145\137\017\134\136\140\047}{chapter.1}% 3
\BOOKMARK [1][-]{section.1.3}{\376\377\215\104\145\231\147\145\156\220\116\016\122\006\147\220\217\271\165\114}{chapter.1}% 4
\BOOKMARK [0][-]{chapter.2}{\376\377\227\000\154\102\122\006\147\220}{}% 5
\BOOKMARK [1][-]{section.2.1}{\376\377\122\237\200\375\227\000\154\102}{chapter.2}% 6
\BOOKMARK [1][-]{section.2.2}{\376\377\227\136\122\237\200\375\227\000\154\102}{chapter.2}% 7
\BOOKMARK [1][-]{section.2.3}{\376\377\227\000\154\102\122\060\135\114\121\145\137\017\174\373\176\337\143\007\150\007\166\204\146\040\134\004}{chapter.2}% 8
\BOOKMARK [0][-]{chapter.3}{\376\377\174\373\176\337\140\073\117\123\176\323\147\204}{}% 9
\BOOKMARK [1][-]{section.3.1}{\376\377\174\373\176\337\140\073\117\123\147\266\147\204}{chapter.3}% 10
\BOOKMARK [1][-]{section.3.2}{\376\377\217\157\170\154\116\366\123\117\124\014\176\323\147\204}{chapter.3}% 11
\BOOKMARK [1][-]{section.3.3}{\376\377\170\154\116\366\176\323\147\204\151\202\217\360}{chapter.3}% 12
\BOOKMARK [1][-]{section.3.4}{\376\377\217\157\116\366\176\323\147\204\151\202\217\360}{chapter.3}% 13
\BOOKMARK [1][-]{section.3.5}{\376\377\121\163\225\056\147\204\116\366\213\364\146\016}{chapter.3}% 14
\BOOKMARK [0][-]{chapter.4}{\376\377\170\154\116\366\174\373\176\337\213\276\213\241}{}% 15
\BOOKMARK [1][-]{section.4.1}{\376\377\170\154\116\366\174\373\176\337\150\106\126\376}{chapter.4}% 16
\BOOKMARK [1][-]{section.4.2}{\376\377\116\012\117\115\213\241\173\227\136\163\123\360\000\040\000S\000B\000C}{chapter.4}% 17
\BOOKMARK [1][-]{section.4.3}{\376\377\136\225\134\102\133\236\145\366\143\247\122\066\147\177\000\040\000S\000T\000M\0003\0002\000F\0004}{chapter.4}% 18
\BOOKMARK [1][-]{section.4.4}{\376\377\117\040\141\037\126\150\174\373\176\337}{chapter.4}% 19
\BOOKMARK [1][-]{section.4.5}{\376\377\142\147\210\114\126\150\174\373\176\337}{chapter.4}% 20
\BOOKMARK [1][-]{section.4.6}{\376\377\165\065\156\220\173\241\164\006\174\373\176\337}{chapter.4}% 21
\BOOKMARK [1][-]{section.4.7}{\376\377\220\032\117\341\143\245\123\343\174\373\176\337}{chapter.4}% 22
\BOOKMARK [0][-]{chapter.5}{\376\377\135\114\121\145\137\017\131\004\164\006\126\150\122\006\147\220}{}% 23
\BOOKMARK [1][-]{section.5.1}{\376\377\131\004\164\006\126\150\140\073\117\123\147\266\147\204}{chapter.5}% 24
\BOOKMARK [1][-]{section.5.2}{\376\377\000S\000B\000C\000\040\116\012\117\115\213\241\173\227\136\163\123\360\122\006\147\220}{chapter.5}% 25
\BOOKMARK [2][-]{subsection.5.2.1}{\376\377\000S\000B\000C\000\040\166\204\174\373\176\337\117\134\165\050}{section.5.2}% 26
\BOOKMARK [2][-]{subsection.5.2.2}{\376\377\000S\000B\000C\000\040\166\204\121\170\127\213\131\004\164\006\126\150\136\163\123\360}{section.5.2}% 27
\BOOKMARK [2][-]{subsection.5.2.3}{\376\377\000S\000B\000C\000\040\121\205\220\350\176\323\147\204\122\006\147\220}{section.5.2}% 28
\BOOKMARK [2][-]{subsection.5.2.4}{\376\377\000C\000o\000r\000t\000e\000x\000-\000A\000\040\174\373\122\027\121\205\150\070\116\016\143\007\116\344\226\306\147\266\147\204}{section.5.2}% 29
\BOOKMARK [2][-]{subsection.5.2.5}{\376\377\000S\000B\000C\000\040\166\204\131\026\213\276\200\375\122\233\213\364\146\016}{section.5.2}% 30
\BOOKMARK [1][-]{section.5.3}{\376\377\000S\000T\000M\0003\0002\000F\0004\000\040\136\225\134\102\143\247\122\066\131\004\164\006\126\150\122\006\147\220}{chapter.5}% 31
\BOOKMARK [2][-]{subsection.5.3.1}{\376\377\000S\000T\000M\0003\0002\000F\0004\000\040\166\204\174\373\176\337\117\134\165\050}{section.5.3}% 32
\BOOKMARK [2][-]{subsection.5.3.2}{\376\377\000S\000T\000M\0003\0002\000F\0004\000\040\121\205\220\350\176\323\147\204\122\006\147\220}{section.5.3}% 33
\BOOKMARK [2][-]{subsection.5.3.3}{\376\377\000C\000o\000r\000t\000e\000x\000-\000M\0004\000\040\121\205\150\070\116\016\143\007\116\344\226\306\147\266\147\204}{section.5.3}% 34
\BOOKMARK [2][-]{subsection.5.3.4}{\376\377\000S\000T\000M\0003\0002\000F\0004\000\040\121\205\220\350\176\304\116\366\116\016\147\072\126\150\116\272\116\373\122\241\166\204\133\371\136\224\121\163\174\373}{section.5.3}% 35
\BOOKMARK [1][-]{section.5.4}{\376\377\000S\000B\000C\000\040\116\016\000\040\000S\000T\000M\0003\0002\000F\0004\000\040\166\204\123\117\124\014\135\345\117\134\147\072\122\066}{chapter.5}% 36
\BOOKMARK [1][-]{section.5.5}{\376\377\131\004\164\006\126\150\121\205\220\350\143\245\123\343\116\016\131\026\213\276\200\375\122\233\122\006\147\220}{chapter.5}% 37
\BOOKMARK [2][-]{subsection.5.5.1}{\376\377\000S\000B\000C\000\040\121\205\220\350\143\245\123\343\121\163\174\373}{section.5.5}% 38
\BOOKMARK [2][-]{subsection.5.5.2}{\376\377\000S\000T\000M\0003\0002\000F\0004\000\040\121\205\220\350\143\245\123\343\121\163\174\373}{section.5.5}% 39
\BOOKMARK [1][-]{section.5.6}{\376\377\131\004\164\006\126\150\147\266\147\204\124\010\164\006\140\047\122\006\147\220}{chapter.5}% 40
\BOOKMARK [1][-]{section.5.7}{\376\377\147\054\172\340\134\017\176\323}{chapter.5}% 41
\BOOKMARK [0][-]{chapter.6}{\376\377\143\245\123\343\122\006\147\220}{}% 42
\BOOKMARK [1][-]{section.6.1}{\376\377\143\245\123\343\122\006\147\220\203\003\126\364\116\016\140\073\117\123\123\237\122\031}{chapter.6}% 43
\BOOKMARK [1][-]{section.6.2}{\376\377\000S\000B\000C\000\040\116\016\000\040\000S\000T\000M\0003\0002\000F\0004\000\040\143\247\122\066\147\177\143\245\123\343}{chapter.6}% 44
\BOOKMARK [1][-]{section.6.3}{\376\377\000S\000T\000M\0003\0002\000F\0004\000\040\116\016\165\065\147\072\232\161\122\250\126\150\143\245\123\343}{chapter.6}% 45
\BOOKMARK [1][-]{section.6.4}{\376\377\000S\000T\000M\0003\0002\000F\0004\000\040\116\016\177\026\170\001\126\150\143\245\123\343}{chapter.6}% 46
\BOOKMARK [1][-]{section.6.5}{\376\377\000S\000T\000M\0003\0002\000F\0004\000\040\116\016\000\040\000I\000M\000U\000\040\123\312\136\225\134\102\117\040\141\037\126\150\143\245\123\343}{chapter.6}% 47
\BOOKMARK [1][-]{section.6.6}{\376\377\000S\000B\000C\000\040\116\016\000\040\000L\000i\000D\000A\000R\060\001\155\361\136\246\166\370\147\072\173\111\141\037\167\345\213\276\131\007\143\245\123\343}{chapter.6}% 48
\BOOKMARK [1][-]{section.6.7}{\376\377\165\065\156\220\173\241\164\006\143\245\123\343}{chapter.6}% 49
\BOOKMARK [1][-]{section.6.8}{\376\377\131\026\213\276\142\151\134\125\143\245\123\343}{chapter.6}% 50
\BOOKMARK [1][-]{section.6.9}{\376\377\147\054\172\340\134\017\176\323}{chapter.6}% 51
\BOOKMARK [0][-]{chapter.7}{\376\377\217\157\116\366\174\373\176\337\213\276\213\241}{}% 52
\BOOKMARK [0][-]{chapter.8}{\376\377\121\163\225\056\135\345\117\134\155\101\172\013}{}% 53
\BOOKMARK [0][-]{chapter.9}{\376\377\140\073\176\323}{}% 54
\BOOKMARK [0][-]{chapter*.12}{\376\377\123\302\200\003\215\104\145\231}{}% 55
